151117  0:47:48 [Note] Plugin 'FEDERATED' is disabled.
151117  0:47:48 InnoDB: The InnoDB memory heap is disabled
151117  0:47:48 InnoDB: Mutexes and rw_locks use Windows interlocked functions
151117  0:47:48 InnoDB: Compressed tables use zlib 1.2.3
151117  0:47:48 InnoDB: Initializing buffer pool, size = 16.0M
151117  0:47:48 InnoDB: Completed initialization of buffer pool
InnoDB: The first specified data file .\ibdata1 did not exist:
InnoDB: a new database to be created!
151117  0:47:48  InnoDB: Setting file .\ibdata1 size to 10 MB
InnoDB: Database physically writes the file full: wait...
151117  0:47:49  InnoDB: Log file .\ib_logfile0 did not exist: new to be created
InnoDB: Setting log file .\ib_logfile0 size to 5 MB
InnoDB: Database physically writes the file full: wait...
151117  0:47:49  InnoDB: Log file .\ib_logfile1 did not exist: new to be created
InnoDB: Setting log file .\ib_logfile1 size to 5 MB
InnoDB: Database physically writes the file full: wait...
InnoDB: Doublewrite buffer not found: creating new
InnoDB: Doublewrite buffer created
InnoDB: 127 rollback segment(s) active.
InnoDB: Creating foreign key constraint system tables
InnoDB: Foreign key constraint system tables created
151117  0:47:50  InnoDB: Waiting for the background threads to start
151117  0:47:51 InnoDB: 5.5.46 started; log sequence number 0
151117  0:47:51 [Note] Server hostname (bind-address): '127.0.0.1'; port: 3306
151117  0:47:51 [Note]   - '127.0.0.1' resolves to '127.0.0.1';
151117  0:47:51 [Note] Server socket created on IP: '127.0.0.1'.
151117  0:47:51 [Note] Event Scheduler: Loaded 0 events
151117  0:47:51 [Note] C:\Users\Raphaël\Desktop\projet\UniServerZ\core\mysql\bin\mysqld_z.exe: ready for connections.
Version: '5.5.46'  socket: ''  port: 3306  MySQL Community Server (GPL)
151117  0:48:06 [Note] Plugin 'FEDERATED' is disabled.
151117  0:48:07 InnoDB: The InnoDB memory heap is disabled
151117  0:48:07 InnoDB: Mutexes and rw_locks use Windows interlocked functions
151117  0:48:07 InnoDB: Compressed tables use zlib 1.2.3
151117  0:48:07 InnoDB: Initializing buffer pool, size = 16.0M
151117  0:48:07 InnoDB: Completed initialization of buffer pool
151117  0:48:07 InnoDB: highest supported file format is Barracuda.
InnoDB: Log scan progressed past the checkpoint lsn 48941
151117  0:48:07  InnoDB: Database was not shut down normally!
InnoDB: Starting crash recovery.
InnoDB: Reading tablespace information from the .ibd files...
InnoDB: Restoring possible half-written data pages from the doublewrite
InnoDB: buffer...
InnoDB: Doing recovery: scanned up to log sequence number 1595675
151117  0:48:07  InnoDB: Starting an apply batch of log records to the database...
InnoDB: Progress in percents: 22 23 24 25 26 27 28 29 30 31 32 33 34 35 36 37 38 39 40 41 42 43 44 45 46 47 48 49 50 51 52 53 54 55 56 57 58 59 60 61 62 63 64 65 66 67 68 69 70 71 72 73 74 75 76 77 78 79 80 81 82 83 84 85 86 87 88 89 90 91 92 93 94 95 96 97 98 99 
InnoDB: Apply batch completed
151117  0:48:07  InnoDB: Waiting for the background threads to start
151117  0:48:08 InnoDB: 5.5.46 started; log sequence number 1595675
151117  0:48:08 [Note] Server hostname (bind-address): '127.0.0.1'; port: 3306
151117  0:48:08 [Note]   - '127.0.0.1' resolves to '127.0.0.1';
151117  0:48:08 [Note] Server socket created on IP: '127.0.0.1'.
151117  0:48:08 [Note] Event Scheduler: Loaded 0 events
151117  0:48:08 [Note] C:\Users\Raphaël\Desktop\projet\UniServerZ\core\mysql\bin\mysqld_z.exe: ready for connections.
Version: '5.5.46'  socket: ''  port: 3306  MySQL Community Server (GPL)
151117  0:51:31 [Note] Plugin 'FEDERATED' is disabled.
151117  0:51:31 InnoDB: The InnoDB memory heap is disabled
151117  0:51:31 InnoDB: Mutexes and rw_locks use Windows interlocked functions
151117  0:51:31 InnoDB: Compressed tables use zlib 1.2.3
151117  0:51:31 InnoDB: Initializing buffer pool, size = 16.0M
151117  0:51:31 InnoDB: Completed initialization of buffer pool
151117  0:51:31 InnoDB: highest supported file format is Barracuda.
InnoDB: The log sequence number in ibdata files does not match
InnoDB: the log sequence number in the ib_logfiles!
151117  0:51:31  InnoDB: Database was not shut down normally!
InnoDB: Starting crash recovery.
InnoDB: Reading tablespace information from the .ibd files...
InnoDB: Restoring possible half-written data pages from the doublewrite
InnoDB: buffer...
151117  0:51:31  InnoDB: Waiting for the background threads to start
151117  0:51:32 InnoDB: 5.5.46 started; log sequence number 1595675
151117  0:51:32 [Note] Server hostname (bind-address): '127.0.0.1'; port: 3306
151117  0:51:32 [Note]   - '127.0.0.1' resolves to '127.0.0.1';
151117  0:51:32 [Note] Server socket created on IP: '127.0.0.1'.
151117  0:51:32 [Note] Event Scheduler: Loaded 0 events
151117  0:51:32 [Note] C:\projet\sosprema\UniServerZ\core\mysql\bin\mysqld_z.exe: ready for connections.
Version: '5.5.46'  socket: ''  port: 3306  MySQL Community Server (GPL)
151117  0:55:36 [Note] C:\projet\sosprema\UniServerZ\core\mysql\bin\mysqld_z.exe: Normal shutdown

151117  0:55:36 [Note] Event Scheduler: Purging the queue. 0 events
151117  0:55:36  InnoDB: Starting shutdown...
151117  0:55:37  InnoDB: Shutdown completed; log sequence number 1595675
151117  0:55:37 [Note] C:\projet\sosprema\UniServerZ\core\mysql\bin\mysqld_z.exe: Shutdown complete

151117  1:08:37 [Note] Plugin 'FEDERATED' is disabled.
151117  1:08:37 InnoDB: The InnoDB memory heap is disabled
151117  1:08:37 InnoDB: Mutexes and rw_locks use Windows interlocked functions
151117  1:08:37 InnoDB: Compressed tables use zlib 1.2.3
151117  1:08:37 InnoDB: Initializing buffer pool, size = 16.0M
151117  1:08:37 InnoDB: Completed initialization of buffer pool
151117  1:08:37 InnoDB: highest supported file format is Barracuda.
151117  1:08:38  InnoDB: Waiting for the background threads to start
151117  1:08:39 InnoDB: 5.5.46 started; log sequence number 1595675
151117  1:08:39 [Note] Server hostname (bind-address): '127.0.0.1'; port: 3306
151117  1:08:39 [Note]   - '127.0.0.1' resolves to '127.0.0.1';
151117  1:08:39 [Note] Server socket created on IP: '127.0.0.1'.
151117  1:08:39 [Note] Event Scheduler: Loaded 0 events
151117  1:08:39 [Note] C:\projet\sosprema\serveur\core\mysql\bin\mysqld_z.exe: ready for connections.
Version: '5.5.46'  socket: ''  port: 3306  MySQL Community Server (GPL)
151117  1:25:38 [Note] C:\projet\sosprema\serveur\core\mysql\bin\mysqld_z.exe: Normal shutdown

151117  1:25:38 [Note] Event Scheduler: Purging the queue. 0 events
151117  1:25:38  InnoDB: Starting shutdown...
151117  1:25:38  InnoDB: Shutdown completed; log sequence number 1595675
151117  1:25:38 [Note] C:\projet\sosprema\serveur\core\mysql\bin\mysqld_z.exe: Shutdown complete

