::1 - - [17/Nov/2015:00:48:02 +0100] "GET /us_splash/index.php HTTP/1.1" 200 230 "-" "Mozilla/5.0 (Windows NT 10.0; Win64; x64) AppleWebKit/537.36 (KHTML, like Gecko) Chrome/42.0.2311.135 Safari/537.36 Edge/12.10240"
::1 - - [17/Nov/2015:00:48:02 +0100] "GET /index.php HTTP/1.1" 200 223 "-" "Mozilla/5.0 (Windows NT 10.0; Win64; x64) AppleWebKit/537.36 (KHTML, like Gecko) Chrome/42.0.2311.135 Safari/537.36 Edge/12.10240"
::1 - - [17/Nov/2015:00:48:14 +0100] "GET /us_splash/index.php HTTP/1.1" 200 230 "-" "Mozilla/5.0 (Windows NT 10.0; Win64; x64) AppleWebKit/537.36 (KHTML, like Gecko) Chrome/42.0.2311.135 Safari/537.36 Edge/12.10240"
::1 - - [17/Nov/2015:00:51:19 +0100] "GET /index.php HTTP/1.1" 200 1228 "-" "Mozilla/5.0 (Windows NT 10.0; Win64; x64) AppleWebKit/537.36 (KHTML, like Gecko) Chrome/42.0.2311.135 Safari/537.36 Edge/12.10240"
::1 - - [17/Nov/2015:00:51:19 +0100] "GET /images/padlock2.gif HTTP/1.1" 200 1144 "http://localhost/index.php" "Mozilla/5.0 (Windows NT 10.0; Win64; x64) AppleWebKit/537.36 (KHTML, like Gecko) Chrome/42.0.2311.135 Safari/537.36 Edge/12.10240"
::1 - - [17/Nov/2015:00:51:19 +0100] "GET /images/logo.png HTTP/1.1" 200 28212 "http://localhost/index.php" "Mozilla/5.0 (Windows NT 10.0; Win64; x64) AppleWebKit/537.36 (KHTML, like Gecko) Chrome/42.0.2311.135 Safari/537.36 Edge/12.10240"
::1 - - [17/Nov/2015:00:51:19 +0100] "GET /css/style.css HTTP/1.1" 200 735 "http://localhost/index.php" "Mozilla/5.0 (Windows NT 10.0; Win64; x64) AppleWebKit/537.36 (KHTML, like Gecko) Chrome/42.0.2311.135 Safari/537.36 Edge/12.10240"
::1 - - [17/Nov/2015:00:51:19 +0100] "GET /images/branding_bg.png HTTP/1.1" 200 2889 "http://localhost/index.php" "Mozilla/5.0 (Windows NT 10.0; Win64; x64) AppleWebKit/537.36 (KHTML, like Gecko) Chrome/42.0.2311.135 Safari/537.36 Edge/12.10240"
::1 - - [17/Nov/2015:00:51:23 +0100] "GET /us_splash/index.php HTTP/1.1" 200 1457 "-" "Mozilla/5.0 (Windows NT 10.0; Win64; x64) AppleWebKit/537.36 (KHTML, like Gecko) Chrome/42.0.2311.135 Safari/537.36 Edge/12.10240"
::1 - - [17/Nov/2015:00:51:23 +0100] "GET /us_splash/css/style.css HTTP/1.1" 200 749 "http://localhost/us_splash/index.php" "Mozilla/5.0 (Windows NT 10.0; Win64; x64) AppleWebKit/537.36 (KHTML, like Gecko) Chrome/42.0.2311.135 Safari/537.36 Edge/12.10240"
::1 - - [17/Nov/2015:00:51:23 +0100] "GET /us_splash/images/logo.png HTTP/1.1" 200 28212 "http://localhost/us_splash/index.php" "Mozilla/5.0 (Windows NT 10.0; Win64; x64) AppleWebKit/537.36 (KHTML, like Gecko) Chrome/42.0.2311.135 Safari/537.36 Edge/12.10240"
::1 - - [17/Nov/2015:00:51:23 +0100] "GET /us_splash/images/branding_bg.png HTTP/1.1" 200 2889 "http://localhost/us_splash/index.php" "Mozilla/5.0 (Windows NT 10.0; Win64; x64) AppleWebKit/537.36 (KHTML, like Gecko) Chrome/42.0.2311.135 Safari/537.36 Edge/12.10240"
::1 - - [17/Nov/2015:00:51:40 +0100] "GET / HTTP/1.1" 200 1228 "-" "Mozilla/5.0 (Windows NT 10.0; Win64; x64) AppleWebKit/537.36 (KHTML, like Gecko) Chrome/42.0.2311.135 Safari/537.36 Edge/12.10240"
::1 - - [17/Nov/2015:00:51:51 +0100] "GET /us_opt1/index.php HTTP/1.1" 200 8747 "http://localhost/" "Mozilla/5.0 (Windows NT 10.0; Win64; x64) AppleWebKit/537.36 (KHTML, like Gecko) Chrome/42.0.2311.135 Safari/537.36 Edge/12.10240"
::1 - - [17/Nov/2015:00:51:52 +0100] "GET /us_opt1/themes/pmahomme/jquery/jquery-ui-1.11.2.css HTTP/1.1" 200 8056 "http://localhost/us_opt1/index.php" "Mozilla/5.0 (Windows NT 10.0; Win64; x64) AppleWebKit/537.36 (KHTML, like Gecko) Chrome/42.0.2311.135 Safari/537.36 Edge/12.10240"
::1 - - [17/Nov/2015:00:51:52 +0100] "GET /us_opt1/phpmyadmin.css.php?nocache=5784563462ltr HTTP/1.1" 200 21402 "http://localhost/us_opt1/index.php" "Mozilla/5.0 (Windows NT 10.0; Win64; x64) AppleWebKit/537.36 (KHTML, like Gecko) Chrome/42.0.2311.135 Safari/537.36 Edge/12.10240"
::1 - - [17/Nov/2015:00:51:52 +0100] "GET /us_opt1/themes/pmahomme/img/logo_left.png HTTP/1.1" 200 2327 "http://localhost/us_opt1/index.php" "Mozilla/5.0 (Windows NT 10.0; Win64; x64) AppleWebKit/537.36 (KHTML, like Gecko) Chrome/42.0.2311.135 Safari/537.36 Edge/12.10240"
::1 - - [17/Nov/2015:00:51:52 +0100] "GET /us_opt1/themes/dot.gif HTTP/1.1" 200 43 "http://localhost/us_opt1/index.php" "Mozilla/5.0 (Windows NT 10.0; Win64; x64) AppleWebKit/537.36 (KHTML, like Gecko) Chrome/42.0.2311.135 Safari/537.36 Edge/12.10240"
::1 - - [17/Nov/2015:00:51:52 +0100] "GET /us_opt1/themes/pmahomme/img/ajax_clock_small.gif HTTP/1.1" 200 1810 "http://localhost/us_opt1/index.php" "Mozilla/5.0 (Windows NT 10.0; Win64; x64) AppleWebKit/537.36 (KHTML, like Gecko) Chrome/42.0.2311.135 Safari/537.36 Edge/12.10240"
::1 - - [17/Nov/2015:00:51:52 +0100] "GET /us_opt1/themes/pmahomme/img/s_collapseall.png HTTP/1.1" 200 170 "http://localhost/us_opt1/index.php" "Mozilla/5.0 (Windows NT 10.0; Win64; x64) AppleWebKit/537.36 (KHTML, like Gecko) Chrome/42.0.2311.135 Safari/537.36 Edge/12.10240"
::1 - - [17/Nov/2015:00:51:52 +0100] "GET /us_opt1/js/whitelist.php?lang=fr&db=&collation_connection=utf8mb4_general_ci&token=d5090f006116fd62147a3bfecbdd2755 HTTP/1.1" 200 498 "http://localhost/us_opt1/index.php" "Mozilla/5.0 (Windows NT 10.0; Win64; x64) AppleWebKit/537.36 (KHTML, like Gecko) Chrome/42.0.2311.135 Safari/537.36 Edge/12.10240"
::1 - - [17/Nov/2015:00:51:52 +0100] "GET /us_opt1/js/get_scripts.js.php?scripts%5B%5D=jquery/jquery-1.11.1.min.js&scripts%5B%5D=sprintf.js&scripts%5B%5D=ajax.js&scripts%5B%5D=keyhandler.js&scripts%5B%5D=jquery/jquery-ui-1.11.2.min.js&scripts%5B%5D=jquery/jquery.cookie.js&scripts%5B%5D=jquery/jquery.mousewheel.js&scripts%5B%5D=jquery/jquery.event.drag-2.2.js&scripts%5B%5D=jquery/jquery-ui-timepicker-addon.js&scripts%5B%5D=jquery/jquery.ba-hashchange-1.3.js&scripts%5B%5D=jquery/jquery.debounce-1.0.5.js&scripts%5B%5D=menu-resizer.js&scripts%5B%5D=cross_framing_protection.js&scripts%5B%5D=rte.js&scripts%5B%5D=tracekit/tracekit.js&scripts%5B%5D=error_report.js&scripts%5B%5D=doclinks.js&scripts%5B%5D=functions.js&scripts%5B%5D=navigation.js&scripts%5B%5D=indexes.js HTTP/1.1" 200 215390 "http://localhost/us_opt1/index.php" "Mozilla/5.0 (Windows NT 10.0; Win64; x64) AppleWebKit/537.36 (KHTML, like Gecko) Chrome/42.0.2311.135 Safari/537.36 Edge/12.10240"
::1 - - [17/Nov/2015:00:51:52 +0100] "GET /us_opt1/js/get_scripts.js.php?scripts%5B%5D=common.js&scripts%5B%5D=codemirror/lib/codemirror.js&scripts%5B%5D=codemirror/mode/sql/sql.js&scripts%5B%5D=codemirror/addon/runmode/runmode.js&scripts%5B%5D=codemirror/addon/hint/show-hint.js&scripts%5B%5D=codemirror/addon/hint/sql-hint.js&scripts%5B%5D=console.js HTTP/1.1" 200 116998 "http://localhost/us_opt1/index.php" "Mozilla/5.0 (Windows NT 10.0; Win64; x64) AppleWebKit/537.36 (KHTML, like Gecko) Chrome/42.0.2311.135 Safari/537.36 Edge/12.10240"
::1 - - [17/Nov/2015:00:51:52 +0100] "GET /us_opt1/js/get_image.js.php?theme=pmahomme HTTP/1.1" 200 1822 "http://localhost/us_opt1/index.php" "Mozilla/5.0 (Windows NT 10.0; Win64; x64) AppleWebKit/537.36 (KHTML, like Gecko) Chrome/42.0.2311.135 Safari/537.36 Edge/12.10240"
::1 - - [17/Nov/2015:00:51:52 +0100] "GET /us_opt1/js/messages.php?lang=fr&db=&collation_connection=utf8mb4_general_ci&token=d5090f006116fd62147a3bfecbdd2755 HTTP/1.1" 200 8337 "http://localhost/us_opt1/index.php" "Mozilla/5.0 (Windows NT 10.0; Win64; x64) AppleWebKit/537.36 (KHTML, like Gecko) Chrome/42.0.2311.135 Safari/537.36 Edge/12.10240"
::1 - - [17/Nov/2015:00:51:53 +0100] "GET /us_opt1/themes/pmahomme/img/left_nav_bg.png HTTP/1.1" 200 297 "http://localhost/us_opt1/index.php" "Mozilla/5.0 (Windows NT 10.0; Win64; x64) AppleWebKit/537.36 (KHTML, like Gecko) Chrome/42.0.2311.135 Safari/537.36 Edge/12.10240"
::1 - - [17/Nov/2015:00:51:53 +0100] "GET /us_opt1/themes/pmahomme/img/sprites.png HTTP/1.1" 200 46795 "http://localhost/us_opt1/index.php" "Mozilla/5.0 (Windows NT 10.0; Win64; x64) AppleWebKit/537.36 (KHTML, like Gecko) Chrome/42.0.2311.135 Safari/537.36 Edge/12.10240"
::1 - - [17/Nov/2015:00:51:53 +0100] "POST /us_opt1/db_structure.php?ajax_request=1&favorite_table=1&sync_favorite_tables=1&lang=fr&collation_connection=utf8mb4_general_ci&token=d5090f006116fd62147a3bfecbdd2755 HTTP/1.1" 200 1409 "http://localhost/us_opt1/index.php" "Mozilla/5.0 (Windows NT 10.0; Win64; x64) AppleWebKit/537.36 (KHTML, like Gecko) Chrome/42.0.2311.135 Safari/537.36 Edge/12.10240"
::1 - - [17/Nov/2015:00:51:53 +0100] "GET /us_opt1/version_check.php?server=1&_nocache=1447717913539690281 HTTP/1.1" 200 42 "http://localhost/us_opt1/index.php" "Mozilla/5.0 (Windows NT 10.0; Win64; x64) AppleWebKit/537.36 (KHTML, like Gecko) Chrome/42.0.2311.135 Safari/537.36 Edge/12.10240"
::1 - - [17/Nov/2015:00:52:00 +0100] "GET /us_opt1/server_databases.php?server=1&token=d5090f006116fd62147a3bfecbdd2755&ajax_request=true&ajax_page_request=true&menuHashes=43be7d78&_nocache=144771792014640060 HTTP/1.1" 200 5470 "http://localhost/us_opt1/index.php" "Mozilla/5.0 (Windows NT 10.0; Win64; x64) AppleWebKit/537.36 (KHTML, like Gecko) Chrome/42.0.2311.135 Safari/537.36 Edge/12.10240"
::1 - - [17/Nov/2015:00:52:00 +0100] "GET /us_opt1/themes/pmahomme/img/arrow_ltr.png HTTP/1.1" 200 139 "http://localhost/us_opt1/index.php" "Mozilla/5.0 (Windows NT 10.0; Win64; x64) AppleWebKit/537.36 (KHTML, like Gecko) Chrome/42.0.2311.135 Safari/537.36 Edge/12.10240"
::1 - - [17/Nov/2015:00:52:00 +0100] "GET /us_opt1/js/get_scripts.js.php?scripts%5B%5D=server_databases.js&call_done=1 HTTP/1.1" 200 1681 "http://localhost/us_opt1/index.php" "Mozilla/5.0 (Windows NT 10.0; Win64; x64) AppleWebKit/537.36 (KHTML, like Gecko) Chrome/42.0.2311.135 Safari/537.36 Edge/12.10240"
::1 - - [17/Nov/2015:00:52:08 +0100] "POST /us_opt1/db_create.php HTTP/1.1" 200 1955 "http://localhost/us_opt1/index.php" "Mozilla/5.0 (Windows NT 10.0; Win64; x64) AppleWebKit/537.36 (KHTML, like Gecko) Chrome/42.0.2311.135 Safari/537.36 Edge/12.10240"
::1 - - [17/Nov/2015:00:52:08 +0100] "GET /us_opt1/db_structure.php?db=sosprema&token=d5090f006116fd62147a3bfecbdd2755&db=sosprema&ajax_request=true&ajax_page_request=true&menuHashes=43be7d78-6c072979&_nocache=1447717928190390026 HTTP/1.1" 200 1816 "http://localhost/us_opt1/index.php" "Mozilla/5.0 (Windows NT 10.0; Win64; x64) AppleWebKit/537.36 (KHTML, like Gecko) Chrome/42.0.2311.135 Safari/537.36 Edge/12.10240"
::1 - - [17/Nov/2015:00:52:08 +0100] "POST /us_opt1/navigation.php?ajax_request=1&lang=fr&collation_connection=utf8mb4_general_ci&token=d5090f006116fd62147a3bfecbdd2755 HTTP/1.1" 200 2065 "http://localhost/us_opt1/index.php" "Mozilla/5.0 (Windows NT 10.0; Win64; x64) AppleWebKit/537.36 (KHTML, like Gecko) Chrome/42.0.2311.135 Safari/537.36 Edge/12.10240"
::1 - - [17/Nov/2015:00:52:08 +0100] "GET /us_opt1/js/get_scripts.js.php?scripts%5B%5D=db_structure.js&scripts%5B%5D=tbl_change.js&call_done=1 HTTP/1.1" 200 10796 "http://localhost/us_opt1/index.php" "Mozilla/5.0 (Windows NT 10.0; Win64; x64) AppleWebKit/537.36 (KHTML, like Gecko) Chrome/42.0.2311.135 Safari/537.36 Edge/12.10240"
::1 - - [17/Nov/2015:00:52:08 +0100] "GET /us_opt1/navigation.php?ajax_request=1&lang=fr&collation_connection=utf8mb4_general_ci&token=d5090f006116fd62147a3bfecbdd2755&aPath=cm9vdA%3D%3D.c29zcHJlbWE%3D&vPath=cm9vdA%3D%3D.c29zcHJlbWE%3D&pos=0&pos2_name=&pos2_value=&searchClause=&searchClause2=&_nocache=1447717928482155522 HTTP/1.1" 200 1348 "http://localhost/us_opt1/index.php" "Mozilla/5.0 (Windows NT 10.0; Win64; x64) AppleWebKit/537.36 (KHTML, like Gecko) Chrome/42.0.2311.135 Safari/537.36 Edge/12.10240"
::1 - - [17/Nov/2015:00:52:18 +0100] "GET /us_opt1/index.php HTTP/1.1" 200 8685 "-" "Mozilla/5.0 (Windows NT 10.0; Win64; x64) AppleWebKit/537.36 (KHTML, like Gecko) Chrome/42.0.2311.135 Safari/537.36 Edge/12.10240"
::1 - - [17/Nov/2015:00:52:19 +0100] "GET /us_opt1/phpmyadmin.css.php?nocache=5784563463ltr HTTP/1.1" 200 21402 "http://localhost/us_opt1/index.php" "Mozilla/5.0 (Windows NT 10.0; Win64; x64) AppleWebKit/537.36 (KHTML, like Gecko) Chrome/42.0.2311.135 Safari/537.36 Edge/12.10240"
::1 - - [17/Nov/2015:00:52:19 +0100] "GET /us_opt1/js/whitelist.php?lang=fr&db=&token=d5090f006116fd62147a3bfecbdd2755 HTTP/1.1" 200 498 "http://localhost/us_opt1/index.php" "Mozilla/5.0 (Windows NT 10.0; Win64; x64) AppleWebKit/537.36 (KHTML, like Gecko) Chrome/42.0.2311.135 Safari/537.36 Edge/12.10240"
::1 - - [17/Nov/2015:00:52:19 +0100] "GET /us_opt1/js/messages.php?lang=fr&db=&token=d5090f006116fd62147a3bfecbdd2755 HTTP/1.1" 200 8337 "http://localhost/us_opt1/index.php" "Mozilla/5.0 (Windows NT 10.0; Win64; x64) AppleWebKit/537.36 (KHTML, like Gecko) Chrome/42.0.2311.135 Safari/537.36 Edge/12.10240"
::1 - - [17/Nov/2015:00:52:19 +0100] "GET /us_opt1/version_check.php?server=1&_nocache=1447717939427172358 HTTP/1.1" 200 42 "http://localhost/us_opt1/index.php" "Mozilla/5.0 (Windows NT 10.0; Win64; x64) AppleWebKit/537.36 (KHTML, like Gecko) Chrome/42.0.2311.135 Safari/537.36 Edge/12.10240"
::1 - - [17/Nov/2015:00:54:34 +0100] "GET / HTTP/1.1" 200 48 "-" "Mozilla/5.0 (Windows NT 10.0; Win64; x64) AppleWebKit/537.36 (KHTML, like Gecko) Chrome/42.0.2311.135 Safari/537.36 Edge/12.10240"
::1 - - [17/Nov/2015:00:54:42 +0100] "GET /us_splash/index.php HTTP/1.1" 200 1457 "-" "Mozilla/5.0 (Windows NT 10.0; Win64; x64) AppleWebKit/537.36 (KHTML, like Gecko) Chrome/42.0.2311.135 Safari/537.36 Edge/12.10240"
::1 - - [17/Nov/2015:00:54:44 +0100] "GET /us_splash/index.php HTTP/1.1" 200 1457 "-" "Mozilla/5.0 (Windows NT 10.0; Win64; x64) AppleWebKit/537.36 (KHTML, like Gecko) Chrome/42.0.2311.135 Safari/537.36 Edge/12.10240"
::1 - - [17/Nov/2015:01:08:27 +0100] "GET /index.php HTTP/1.1" 200 48 "-" "Mozilla/5.0 (Windows NT 10.0; Win64; x64) AppleWebKit/537.36 (KHTML, like Gecko) Chrome/42.0.2311.135 Safari/537.36 Edge/12.10240"
::1 - - [17/Nov/2015:01:08:32 +0100] "GET /us_splash/index.php HTTP/1.1" 200 1457 "-" "Mozilla/5.0 (Windows NT 10.0; Win64; x64) AppleWebKit/537.36 (KHTML, like Gecko) Chrome/42.0.2311.135 Safari/537.36 Edge/12.10240"
::1 - - [17/Nov/2015:01:08:41 +0100] "GET /us_opt1/index.php HTTP/1.1" 200 8716 "-" "Mozilla/5.0 (Windows NT 10.0; Win64; x64) AppleWebKit/537.36 (KHTML, like Gecko) Chrome/42.0.2311.135 Safari/537.36 Edge/12.10240"
::1 - - [17/Nov/2015:01:08:41 +0100] "GET /us_opt1/js/whitelist.php?lang=fr&db=&token=57a08f527d6f40e8e05b45b314f75855 HTTP/1.1" 200 498 "http://localhost/us_opt1/index.php" "Mozilla/5.0 (Windows NT 10.0; Win64; x64) AppleWebKit/537.36 (KHTML, like Gecko) Chrome/42.0.2311.135 Safari/537.36 Edge/12.10240"
::1 - - [17/Nov/2015:01:08:41 +0100] "GET /us_opt1/phpmyadmin.css.php?nocache=5790875058ltr HTTP/1.1" 200 21649 "http://localhost/us_opt1/index.php" "Mozilla/5.0 (Windows NT 10.0; Win64; x64) AppleWebKit/537.36 (KHTML, like Gecko) Chrome/42.0.2311.135 Safari/537.36 Edge/12.10240"
::1 - - [17/Nov/2015:01:08:41 +0100] "GET /us_opt1/js/messages.php?lang=fr&db=&token=57a08f527d6f40e8e05b45b314f75855 HTTP/1.1" 200 8343 "http://localhost/us_opt1/index.php" "Mozilla/5.0 (Windows NT 10.0; Win64; x64) AppleWebKit/537.36 (KHTML, like Gecko) Chrome/42.0.2311.135 Safari/537.36 Edge/12.10240"
::1 - - [17/Nov/2015:01:08:42 +0100] "POST /us_opt1/db_structure.php?ajax_request=1&favorite_table=1&sync_favorite_tables=1&token=57a08f527d6f40e8e05b45b314f75855 HTTP/1.1" 200 1409 "http://localhost/us_opt1/index.php" "Mozilla/5.0 (Windows NT 10.0; Win64; x64) AppleWebKit/537.36 (KHTML, like Gecko) Chrome/42.0.2311.135 Safari/537.36 Edge/12.10240"
::1 - - [17/Nov/2015:01:08:42 +0100] "GET /us_opt1/version_check.php?server=1&_nocache=1447718922291953896 HTTP/1.1" 200 42 "http://localhost/us_opt1/index.php" "Mozilla/5.0 (Windows NT 10.0; Win64; x64) AppleWebKit/537.36 (KHTML, like Gecko) Chrome/42.0.2311.135 Safari/537.36 Edge/12.10240"
::1 - - [17/Nov/2015:01:09:27 +0100] "-" 408 - "-" "-"
::1 - - [17/Nov/2015:01:09:27 +0100] "-" 408 - "-" "-"
::1 - - [17/Nov/2015:01:09:41 +0100] "-" 408 - "-" "-"
::1 - - [17/Nov/2015:01:09:41 +0100] "-" 408 - "-" "-"
::1 - - [17/Nov/2015:01:23:26 +0100] "GET / HTTP/1.1" 200 48 "-" "Mozilla/5.0 (Windows NT 10.0; Win64; x64) AppleWebKit/537.36 (KHTML, like Gecko) Chrome/42.0.2311.135 Safari/537.36 Edge/12.10240"
::1 - - [17/Nov/2015:02:10:45 +0100] "GET /index.php HTTP/1.1" 200 48 "-" "Mozilla/5.0 (Windows NT 10.0; Win64; x64) AppleWebKit/537.36 (KHTML, like Gecko) Chrome/42.0.2311.135 Safari/537.36 Edge/12.10240"
::1 - - [17/Nov/2015:02:10:50 +0100] "GET /us_splash/index.php HTTP/1.1" 200 1457 "-" "Mozilla/5.0 (Windows NT 10.0; Win64; x64) AppleWebKit/537.36 (KHTML, like Gecko) Chrome/42.0.2311.135 Safari/537.36 Edge/12.10240"
::1 - - [17/Nov/2015:02:18:17 +0100] "GET /index.php HTTP/1.1" 200 48 "-" "Mozilla/5.0 (Windows NT 10.0; Win64; x64) AppleWebKit/537.36 (KHTML, like Gecko) Chrome/42.0.2311.135 Safari/537.36 Edge/12.10240"
::1 - - [17/Nov/2015:02:18:22 +0100] "GET /us_splash/index.php HTTP/1.1" 200 1457 "-" "Mozilla/5.0 (Windows NT 10.0; Win64; x64) AppleWebKit/537.36 (KHTML, like Gecko) Chrome/42.0.2311.135 Safari/537.36 Edge/12.10240"
::1 - - [24/Nov/2015:08:49:34 +0100] "GET / HTTP/1.1" 200 48 "-" "Mozilla/5.0 (Windows NT 6.1; WOW64) AppleWebKit/537.36 (KHTML, like Gecko) Chrome/46.0.2490.86 Safari/537.36"
::1 - - [24/Nov/2015:08:49:35 +0100] "GET /favicon.ico HTTP/1.1" 404 209 "http://localhost/" "Mozilla/5.0 (Windows NT 6.1; WOW64) AppleWebKit/537.36 (KHTML, like Gecko) Chrome/46.0.2490.86 Safari/537.36"
::1 - - [24/Nov/2015:08:49:49 +0100] "GET /index.php HTTP/1.1" 200 48 "-" "Mozilla/5.0 (Windows NT 6.1; WOW64) AppleWebKit/537.36 (KHTML, like Gecko) Chrome/46.0.2490.86 Safari/537.36"
::1 - - [24/Nov/2015:08:49:54 +0100] "GET /us_splash/index.php HTTP/1.1" 200 1457 "-" "Mozilla/5.0 (Windows NT 6.1; WOW64) AppleWebKit/537.36 (KHTML, like Gecko) Chrome/46.0.2490.86 Safari/537.36"
::1 - - [24/Nov/2015:08:49:54 +0100] "GET /us_splash/css/style.css HTTP/1.1" 200 757 "http://localhost/us_splash/index.php" "Mozilla/5.0 (Windows NT 6.1; WOW64) AppleWebKit/537.36 (KHTML, like Gecko) Chrome/46.0.2490.86 Safari/537.36"
::1 - - [24/Nov/2015:08:49:54 +0100] "GET /us_splash/images/logo.png HTTP/1.1" 200 28212 "http://localhost/us_splash/index.php" "Mozilla/5.0 (Windows NT 6.1; WOW64) AppleWebKit/537.36 (KHTML, like Gecko) Chrome/46.0.2490.86 Safari/537.36"
::1 - - [24/Nov/2015:08:49:54 +0100] "GET /us_splash/images/branding_bg.png HTTP/1.1" 200 2889 "http://localhost/us_splash/css/style.css" "Mozilla/5.0 (Windows NT 6.1; WOW64) AppleWebKit/537.36 (KHTML, like Gecko) Chrome/46.0.2490.86 Safari/537.36"
::1 - - [24/Nov/2015:08:50:05 +0100] "GET /us_opt1/index.php HTTP/1.1" 200 8787 "-" "Mozilla/5.0 (Windows NT 6.1; WOW64) AppleWebKit/537.36 (KHTML, like Gecko) Chrome/46.0.2490.86 Safari/537.36"
::1 - - [24/Nov/2015:08:50:09 +0100] "GET /us_opt1/themes/pmahomme/jquery/jquery-ui-1.11.2.css HTTP/1.1" 200 8114 "http://localhost/us_opt1/index.php" "Mozilla/5.0 (Windows NT 6.1; WOW64) AppleWebKit/537.36 (KHTML, like Gecko) Chrome/46.0.2490.86 Safari/537.36"
::1 - - [24/Nov/2015:08:50:09 +0100] "GET /us_opt1/phpmyadmin.css.php?nocache=5791099974ltr HTTP/1.1" 200 21649 "http://localhost/us_opt1/index.php" "Mozilla/5.0 (Windows NT 6.1; WOW64) AppleWebKit/537.36 (KHTML, like Gecko) Chrome/46.0.2490.86 Safari/537.36"
::1 - - [24/Nov/2015:08:50:09 +0100] "GET /us_opt1/js/whitelist.php?lang=fr&db=&collation_connection=utf8mb4_general_ci&token=f770698200c6750769eb42a6af3f2f32 HTTP/1.1" 200 498 "http://localhost/us_opt1/index.php" "Mozilla/5.0 (Windows NT 6.1; WOW64) AppleWebKit/537.36 (KHTML, like Gecko) Chrome/46.0.2490.86 Safari/537.36"
::1 - - [24/Nov/2015:08:50:09 +0100] "GET /us_opt1/themes/pmahomme/img/logo_left.png HTTP/1.1" 200 2327 "http://localhost/us_opt1/index.php" "Mozilla/5.0 (Windows NT 6.1; WOW64) AppleWebKit/537.36 (KHTML, like Gecko) Chrome/46.0.2490.86 Safari/537.36"
::1 - - [24/Nov/2015:08:50:10 +0100] "GET /us_opt1/themes/dot.gif HTTP/1.1" 200 43 "http://localhost/us_opt1/index.php" "Mozilla/5.0 (Windows NT 6.1; WOW64) AppleWebKit/537.36 (KHTML, like Gecko) Chrome/46.0.2490.86 Safari/537.36"
::1 - - [24/Nov/2015:08:50:09 +0100] "GET /us_opt1/js/get_image.js.php?theme=pmahomme HTTP/1.1" 200 1832 "http://localhost/us_opt1/index.php" "Mozilla/5.0 (Windows NT 6.1; WOW64) AppleWebKit/537.36 (KHTML, like Gecko) Chrome/46.0.2490.86 Safari/537.36"
::1 - - [24/Nov/2015:08:50:10 +0100] "GET /us_opt1/themes/pmahomme/img/ajax_clock_small.gif HTTP/1.1" 200 1810 "http://localhost/us_opt1/index.php" "Mozilla/5.0 (Windows NT 6.1; WOW64) AppleWebKit/537.36 (KHTML, like Gecko) Chrome/46.0.2490.86 Safari/537.36"
::1 - - [24/Nov/2015:08:50:10 +0100] "GET /us_opt1/themes/pmahomme/img/s_collapseall.png HTTP/1.1" 200 170 "http://localhost/us_opt1/index.php" "Mozilla/5.0 (Windows NT 6.1; WOW64) AppleWebKit/537.36 (KHTML, like Gecko) Chrome/46.0.2490.86 Safari/537.36"
::1 - - [24/Nov/2015:08:50:09 +0100] "GET /us_opt1/js/get_scripts.js.php?scripts%5B%5D=common.js&scripts%5B%5D=codemirror/lib/codemirror.js&scripts%5B%5D=codemirror/mode/sql/sql.js&scripts%5B%5D=codemirror/addon/runmode/runmode.js&scripts%5B%5D=codemirror/addon/hint/show-hint.js&scripts%5B%5D=codemirror/addon/hint/sql-hint.js&scripts%5B%5D=console.js HTTP/1.1" 200 117619 "http://localhost/us_opt1/index.php" "Mozilla/5.0 (Windows NT 6.1; WOW64) AppleWebKit/537.36 (KHTML, like Gecko) Chrome/46.0.2490.86 Safari/537.36"
::1 - - [24/Nov/2015:08:50:09 +0100] "GET /us_opt1/js/messages.php?lang=fr&db=&collation_connection=utf8mb4_general_ci&token=f770698200c6750769eb42a6af3f2f32 HTTP/1.1" 200 8343 "http://localhost/us_opt1/index.php" "Mozilla/5.0 (Windows NT 6.1; WOW64) AppleWebKit/537.36 (KHTML, like Gecko) Chrome/46.0.2490.86 Safari/537.36"
::1 - - [24/Nov/2015:08:50:09 +0100] "GET /us_opt1/js/get_scripts.js.php?scripts%5B%5D=jquery/jquery-1.11.1.min.js&scripts%5B%5D=sprintf.js&scripts%5B%5D=ajax.js&scripts%5B%5D=keyhandler.js&scripts%5B%5D=jquery/jquery-ui-1.11.2.min.js&scripts%5B%5D=jquery/jquery.cookie.js&scripts%5B%5D=jquery/jquery.mousewheel.js&scripts%5B%5D=jquery/jquery.event.drag-2.2.js&scripts%5B%5D=jquery/jquery-ui-timepicker-addon.js&scripts%5B%5D=jquery/jquery.ba-hashchange-1.3.js&scripts%5B%5D=jquery/jquery.debounce-1.0.5.js&scripts%5B%5D=menu-resizer.js&scripts%5B%5D=cross_framing_protection.js&scripts%5B%5D=rte.js&scripts%5B%5D=tracekit/tracekit.js&scripts%5B%5D=error_report.js&scripts%5B%5D=doclinks.js&scripts%5B%5D=functions.js&scripts%5B%5D=navigation.js&scripts%5B%5D=indexes.js HTTP/1.1" 200 216297 "http://localhost/us_opt1/index.php" "Mozilla/5.0 (Windows NT 6.1; WOW64) AppleWebKit/537.36 (KHTML, like Gecko) Chrome/46.0.2490.86 Safari/537.36"
::1 - - [24/Nov/2015:08:50:13 +0100] "GET /us_opt1/themes/pmahomme/img/left_nav_bg.png HTTP/1.1" 200 297 "http://localhost/us_opt1/phpmyadmin.css.php?nocache=5791099974ltr" "Mozilla/5.0 (Windows NT 6.1; WOW64) AppleWebKit/537.36 (KHTML, like Gecko) Chrome/46.0.2490.86 Safari/537.36"
::1 - - [24/Nov/2015:08:50:13 +0100] "GET /us_opt1/themes/pmahomme/img/sprites.png HTTP/1.1" 200 46795 "http://localhost/us_opt1/phpmyadmin.css.php?nocache=5791099974ltr" "Mozilla/5.0 (Windows NT 6.1; WOW64) AppleWebKit/537.36 (KHTML, like Gecko) Chrome/46.0.2490.86 Safari/537.36"
::1 - - [24/Nov/2015:08:50:13 +0100] "GET /us_opt1/favicon.ico HTTP/1.1" 200 6545 "http://localhost/us_opt1/index.php" "Mozilla/5.0 (Windows NT 6.1; WOW64) AppleWebKit/537.36 (KHTML, like Gecko) Chrome/46.0.2490.86 Safari/537.36"
::1 - - [24/Nov/2015:08:50:13 +0100] "POST /us_opt1/db_structure.php?ajax_request=1&favorite_table=1&sync_favorite_tables=1&lang=fr&collation_connection=utf8mb4_general_ci&token=f770698200c6750769eb42a6af3f2f32 HTTP/1.1" 200 1409 "http://localhost/us_opt1/index.php" "Mozilla/5.0 (Windows NT 6.1; WOW64) AppleWebKit/537.36 (KHTML, like Gecko) Chrome/46.0.2490.86 Safari/537.36"
::1 - - [24/Nov/2015:08:50:20 +0100] "GET /us_opt1/navigation.php?ajax_request=1&lang=fr&collation_connection=utf8mb4_general_ci&token=f770698200c6750769eb42a6af3f2f32&aPath=cm9vdA%3D%3D.cGhwbXlhZG1pbg%3D%3D&vPath=cm9vdA%3D%3D.cGhwbXlhZG1pbg%3D%3D&pos=0&pos2_name=&pos2_value=&searchClause=&searchClause2=&_nocache=1448351420632931855 HTTP/1.1" 200 2902 "http://localhost/us_opt1/index.php" "Mozilla/5.0 (Windows NT 6.1; WOW64) AppleWebKit/537.36 (KHTML, like Gecko) Chrome/46.0.2490.86 Safari/537.36"
::1 - - [24/Nov/2015:08:50:13 +0100] "GET /us_opt1/version_check.php?server=1&_nocache=144835141374010467 HTTP/1.1" 200 2 "http://localhost/us_opt1/index.php" "Mozilla/5.0 (Windows NT 6.1; WOW64) AppleWebKit/537.36 (KHTML, like Gecko) Chrome/46.0.2490.86 Safari/537.36"
::1 - - [24/Nov/2015:08:50:28 +0100] "GET /us_opt1/navigation.php?ajax_request=1&lang=fr&collation_connection=utf8mb4_general_ci&token=f770698200c6750769eb42a6af3f2f32&aPath=cm9vdA%3D%3D.c29zcHJlbWE%3D&vPath=cm9vdA%3D%3D.c29zcHJlbWE%3D&pos=0&pos2_name=&pos2_value=&searchClause=&searchClause2=&_nocache=1448351428648250745 HTTP/1.1" 200 1347 "http://localhost/us_opt1/index.php" "Mozilla/5.0 (Windows NT 6.1; WOW64) AppleWebKit/537.36 (KHTML, like Gecko) Chrome/46.0.2490.86 Safari/537.36"
::1 - - [24/Nov/2015:08:50:37 +0100] "GET /us_opt1/db_structure.php?server=1&db=sosprema&token=f770698200c6750769eb42a6af3f2f32&ajax_request=true&ajax_page_request=true&menuHashes=ddcb39de&_nocache=1448351437371338365 HTTP/1.1" 200 1815 "http://localhost/us_opt1/index.php" "Mozilla/5.0 (Windows NT 6.1; WOW64) AppleWebKit/537.36 (KHTML, like Gecko) Chrome/46.0.2490.86 Safari/537.36"
::1 - - [24/Nov/2015:08:50:38 +0100] "GET /us_opt1/js/get_scripts.js.php?scripts%5B%5D=db_structure.js&scripts%5B%5D=tbl_change.js&call_done=1 HTTP/1.1" 200 10859 "http://localhost/us_opt1/index.php" "Mozilla/5.0 (Windows NT 6.1; WOW64) AppleWebKit/537.36 (KHTML, like Gecko) Chrome/46.0.2490.86 Safari/537.36"
