[Tue Nov 17 00:47:56.128256 2015] [mpm_winnt:notice] [pid 1384:tid 600] AH00455: Apache/2.4.16 (Win32) PHP/5.4.45 configured -- resuming normal operations
[Tue Nov 17 00:47:56.129259 2015] [mpm_winnt:notice] [pid 1384:tid 600] AH00456: Apache Lounge VC10 Server built: Jul 12 2015 13:26:53
[Tue Nov 17 00:47:56.129259 2015] [core:notice] [pid 1384:tid 600] AH00094: Command line: 'C:\\Users\\Rapha\xc3\xabl\\Desktop\\projet\\UniServerZ\\core\\apache2\\bin\\httpd_z.exe -d C:/Users/Rapha\xc3\xabl/Desktop/projet/UniServerZ/core/apache2 -f C:\\Users\\Rapha\xc3\xabl\\Desktop\\projet\\UniServerZ\\core\\apache2\\conf\\httpd.conf -d C:\\Users\\Rapha\xc3\xabl\\Desktop\\projet\\UniServerZ\\core\\apache2'
[Tue Nov 17 00:47:56.130258 2015] [mpm_winnt:notice] [pid 1384:tid 600] AH00418: Parent: Created child process 6292
[Tue Nov 17 00:47:56.514172 2015] [mpm_winnt:notice] [pid 6292:tid 496] AH00354: Child: Starting 150 worker threads.
[Tue Nov 17 00:51:18.302526 2015] [core:warn] [pid 6148:tid 480] AH00098: pid file C:/projet/sosprema/UniServerZ/core/apache2/logs/httpd.pid overwritten -- Unclean shutdown of previous Apache run?
[Tue Nov 17 00:51:18.511665 2015] [mpm_winnt:notice] [pid 6148:tid 480] AH00455: Apache/2.4.16 (Win32) PHP/5.4.45 configured -- resuming normal operations
[Tue Nov 17 00:51:18.511665 2015] [mpm_winnt:notice] [pid 6148:tid 480] AH00456: Apache Lounge VC10 Server built: Jul 12 2015 13:26:53
[Tue Nov 17 00:51:18.511665 2015] [core:notice] [pid 6148:tid 480] AH00094: Command line: 'C:\\projet\\sosprema\\UniServerZ\\core\\apache2\\bin\\httpd_z.exe -d C:/projet/sosprema/UniServerZ/core/apache2 -f C:\\projet\\sosprema\\UniServerZ\\core\\apache2\\conf\\httpd.conf -d C:\\projet\\sosprema\\UniServerZ\\core\\apache2'
[Tue Nov 17 00:51:18.512666 2015] [mpm_winnt:notice] [pid 6148:tid 480] AH00418: Parent: Created child process 4344
[Tue Nov 17 00:51:19.033011 2015] [mpm_winnt:notice] [pid 4344:tid 784] AH00354: Child: Starting 150 worker threads.
[Tue Nov 17 01:08:26.158588 2015] [core:warn] [pid 1172:tid 464] AH00098: pid file C:/projet/sosprema/serveur/core/apache2/logs/httpd.pid overwritten -- Unclean shutdown of previous Apache run?
[Tue Nov 17 01:08:26.208622 2015] [mpm_winnt:notice] [pid 1172:tid 464] AH00455: Apache/2.4.16 (Win32) PHP/5.4.45 configured -- resuming normal operations
[Tue Nov 17 01:08:26.208622 2015] [mpm_winnt:notice] [pid 1172:tid 464] AH00456: Apache Lounge VC10 Server built: Jul 12 2015 13:26:53
[Tue Nov 17 01:08:26.208622 2015] [core:notice] [pid 1172:tid 464] AH00094: Command line: 'C:\\projet\\sosprema\\serveur\\core\\apache2\\bin\\httpd_z.exe -d C:/projet/sosprema/serveur/core/apache2 -f C:\\projet\\sosprema\\serveur\\core\\apache2\\conf\\httpd.conf -d C:\\projet\\sosprema\\serveur\\core\\apache2'
[Tue Nov 17 01:08:26.210623 2015] [mpm_winnt:notice] [pid 1172:tid 464] AH00418: Parent: Created child process 2204
[Tue Nov 17 01:08:26.568227 2015] [mpm_winnt:notice] [pid 2204:tid 784] AH00354: Child: Starting 150 worker threads.
[Tue Nov 17 02:10:44.916769 2015] [core:warn] [pid 6260:tid 444] AH00098: pid file C:/projet/sosprema/serveur/core/apache2/logs/httpd.pid overwritten -- Unclean shutdown of previous Apache run?
[Tue Nov 17 02:10:44.936787 2015] [mpm_winnt:notice] [pid 6260:tid 444] AH00455: Apache/2.4.16 (Win32) PHP/5.4.45 configured -- resuming normal operations
[Tue Nov 17 02:10:44.936787 2015] [mpm_winnt:notice] [pid 6260:tid 444] AH00456: Apache Lounge VC10 Server built: Jul 12 2015 13:26:53
[Tue Nov 17 02:10:44.936787 2015] [core:notice] [pid 6260:tid 444] AH00094: Command line: 'C:\\projet\\sosprema\\serveur\\core\\apache2\\bin\\httpd_z.exe -d C:/projet/sosprema/serveur/core/apache2 -f C:\\projet\\sosprema\\serveur\\core\\apache2\\conf\\httpd.conf -d C:\\projet\\sosprema\\serveur\\core\\apache2'
[Tue Nov 17 02:10:44.938866 2015] [mpm_winnt:notice] [pid 6260:tid 444] AH00418: Parent: Created child process 4456
[Tue Nov 17 02:10:45.292070 2015] [mpm_winnt:notice] [pid 4456:tid 780] AH00354: Child: Starting 150 worker threads.
[Tue Nov 17 02:18:16.163570 2015] [core:warn] [pid 1204:tid 124] AH00098: pid file C:/projet/sosprema/serveur/core/apache2/logs/httpd.pid overwritten -- Unclean shutdown of previous Apache run?
[Tue Nov 17 02:18:16.184306 2015] [mpm_winnt:notice] [pid 1204:tid 124] AH00455: Apache/2.4.16 (Win32) PHP/5.4.45 configured -- resuming normal operations
[Tue Nov 17 02:18:16.184306 2015] [mpm_winnt:notice] [pid 1204:tid 124] AH00456: Apache Lounge VC10 Server built: Jul 12 2015 13:26:53
[Tue Nov 17 02:18:16.184306 2015] [core:notice] [pid 1204:tid 124] AH00094: Command line: 'C:\\projet\\sosprema\\serveur\\core\\apache2\\bin\\httpd_z.exe -d C:/projet/sosprema/serveur/core/apache2 -f C:\\projet\\sosprema\\serveur\\core\\apache2\\conf\\httpd.conf -d C:\\projet\\sosprema\\serveur\\core\\apache2'
[Tue Nov 17 02:18:16.186785 2015] [mpm_winnt:notice] [pid 1204:tid 124] AH00418: Parent: Created child process 8712
[Tue Nov 17 02:18:16.547287 2015] [mpm_winnt:notice] [pid 8712:tid 780] AH00354: Child: Starting 150 worker threads.
[Tue Nov 24 08:49:22.182703 2015] [core:warn] [pid 2356:tid 152] AH00098: pid file C:/Users/Nico/Documents/GitHub/sosprema/serveur/core/apache2/logs/httpd.pid overwritten -- Unclean shutdown of previous Apache run?
[Tue Nov 24 08:49:27.899029 2015] [mpm_winnt:notice] [pid 2356:tid 152] AH00455: Apache/2.4.16 (Win32) PHP/5.4.45 configured -- resuming normal operations
[Tue Nov 24 08:49:27.900030 2015] [mpm_winnt:notice] [pid 2356:tid 152] AH00456: Apache Lounge VC10 Server built: Jul 12 2015 13:26:53
[Tue Nov 24 08:49:27.900030 2015] [core:notice] [pid 2356:tid 152] AH00094: Command line: 'C:\\Users\\Nico\\Documents\\GitHub\\sosprema\\serveur\\core\\apache2\\bin\\httpd_z.exe -d C:/Users/Nico/Documents/GitHub/sosprema/serveur/core/apache2 -f C:\\Users\\Nico\\Documents\\GitHub\\sosprema\\serveur\\core\\apache2\\conf\\httpd.conf -d C:\\Users\\Nico\\Documents\\GitHub\\sosprema\\serveur\\core\\apache2'
[Tue Nov 24 08:49:27.910030 2015] [mpm_winnt:notice] [pid 2356:tid 152] AH00418: Parent: Created child process 1936
[Tue Nov 24 08:49:29.514122 2015] [mpm_winnt:notice] [pid 1936:tid 552] AH00354: Child: Starting 150 worker threads.
[Tue Nov 24 12:48:02.493826 2015] [core:warn] [pid 5804:tid 508] AH00098: pid file C:/projet/sosprema/sosprema/serveur/core/apache2/logs/httpd.pid overwritten -- Unclean shutdown of previous Apache run?
[Tue Nov 24 12:48:02.550917 2015] [mpm_winnt:notice] [pid 5804:tid 508] AH00455: Apache/2.4.16 (Win32) PHP/5.4.45 configured -- resuming normal operations
[Tue Nov 24 12:48:02.550917 2015] [mpm_winnt:notice] [pid 5804:tid 508] AH00456: Apache Lounge VC10 Server built: Jul 12 2015 13:26:53
[Tue Nov 24 12:48:02.550917 2015] [core:notice] [pid 5804:tid 508] AH00094: Command line: 'C:\\projet\\sosprema\\sosprema\\serveur\\core\\apache2\\bin\\httpd_z.exe -d C:/projet/sosprema/sosprema/serveur/core/apache2 -f C:\\projet\\sosprema\\sosprema\\serveur\\core\\apache2\\conf\\httpd.conf -d C:\\projet\\sosprema\\sosprema\\serveur\\core\\apache2'
[Tue Nov 24 12:48:02.552888 2015] [mpm_winnt:notice] [pid 5804:tid 508] AH00418: Parent: Created child process 1824
[Tue Nov 24 12:48:02.912121 2015] [mpm_winnt:notice] [pid 1824:tid 784] AH00354: Child: Starting 150 worker threads.
[Tue Nov 24 13:14:54.235128 2015] [:error] [pid 1824:tid 1980] [client ::1:50243] PHP Warning:  include_once(controleur/index.php): failed to open stream: No such file or directory in C:\\projet\\sosprema\\sosprema\\serveur\\www\\index.php on line 14
[Tue Nov 24 13:14:54.235128 2015] [:error] [pid 1824:tid 1980] [client ::1:50243] PHP Warning:  include_once(): Failed opening 'controleur/index.php' for inclusion (include_path='.;C:/projet/sosprema/sosprema/serveur/home/us_pear/PEAR') in C:\\projet\\sosprema\\sosprema\\serveur\\www\\index.php on line 14
[Tue Nov 24 13:18:03.564072 2015] [:error] [pid 1824:tid 1968] [client ::1:50257] PHP Warning:  include_once(controleur/index.php): failed to open stream: No such file or directory in C:\\projet\\sosprema\\sosprema\\serveur\\www\\index.php on line 14
[Tue Nov 24 13:18:03.565072 2015] [:error] [pid 1824:tid 1968] [client ::1:50257] PHP Warning:  include_once(): Failed opening 'controleur/index.php' for inclusion (include_path='.;C:/projet/sosprema/sosprema/serveur/home/us_pear/PEAR') in C:\\projet\\sosprema\\sosprema\\serveur\\www\\index.php on line 14
[Tue Nov 24 13:18:04.228965 2015] [:error] [pid 1824:tid 1968] [client ::1:50257] PHP Warning:  include_once(controleur/index.php): failed to open stream: No such file or directory in C:\\projet\\sosprema\\sosprema\\serveur\\www\\index.php on line 14
[Tue Nov 24 13:18:04.229963 2015] [:error] [pid 1824:tid 1968] [client ::1:50257] PHP Warning:  include_once(): Failed opening 'controleur/index.php' for inclusion (include_path='.;C:/projet/sosprema/sosprema/serveur/home/us_pear/PEAR') in C:\\projet\\sosprema\\sosprema\\serveur\\www\\index.php on line 14
[Tue Nov 24 13:18:04.529336 2015] [:error] [pid 1824:tid 1968] [client ::1:50257] PHP Warning:  include_once(controleur/index.php): failed to open stream: No such file or directory in C:\\projet\\sosprema\\sosprema\\serveur\\www\\index.php on line 14
[Tue Nov 24 13:18:04.529336 2015] [:error] [pid 1824:tid 1968] [client ::1:50257] PHP Warning:  include_once(): Failed opening 'controleur/index.php' for inclusion (include_path='.;C:/projet/sosprema/sosprema/serveur/home/us_pear/PEAR') in C:\\projet\\sosprema\\sosprema\\serveur\\www\\index.php on line 14
